Analysis & Synthesis report for my_scomp_v0_0
Thu May 16 15:53:54 2024
Quartus Prime Version 18.1.0 Build 625 09/12/2018 SJ Lite Edition


---------------------
; Table of Contents ;
---------------------
  1. Legal Notice
  2. Analysis & Synthesis Summary
  3. Analysis & Synthesis Settings
  4. Parallel Compilation
  5. Analysis & Synthesis Source Files Read
  6. Analysis & Synthesis Resource Usage Summary
  7. Analysis & Synthesis Resource Utilization by Entity
  8. Analysis & Synthesis RAM Summary
  9. Analysis & Synthesis IP Cores Summary
 10. State Machine - |my_scomp_v0_0|procesador_v0_0:PROC|state
 11. General Register Statistics
 12. Multiplexer Restructuring Statistics (Restructuring Performed)
 13. Source assignments for IP_ram_256_x_16:MEM|altsyncram:altsyncram_component|altsyncram_hir3:auto_generated
 14. Parameter Settings for User Entity Instance: IP_ram_256_x_16:MEM|altsyncram:altsyncram_component
 15. altsyncram Parameter Settings by Entity Instance
 16. Port Connectivity Checks: "procesador_v0_0:PROC"
 17. Post-Synthesis Netlist Statistics for Top Partition
 18. Elapsed Time Per Partition
 19. Analysis & Synthesis Messages



----------------
; Legal Notice ;
----------------
Copyright (C) 2018  Intel Corporation. All rights reserved.
Your use of Intel Corporation's design tools, logic functions 
and other software and tools, and its AMPP partner logic 
functions, and any output files from any of the foregoing 
(including device programming or simulation files), and any 
associated documentation or information are expressly subject 
to the terms and conditions of the Intel Program License 
Subscription Agreement, the Intel Quartus Prime License Agreement,
the Intel FPGA IP License Agreement, or other applicable license
agreement, including, without limitation, that your use is for
the sole purpose of programming logic devices manufactured by
Intel and sold by Intel or its authorized distributors.  Please
refer to the applicable agreement for further details.



+----------------------------------------------------------------------------------+
; Analysis & Synthesis Summary                                                     ;
+------------------------------------+---------------------------------------------+
; Analysis & Synthesis Status        ; Successful - Thu May 16 15:53:54 2024       ;
; Quartus Prime Version              ; 18.1.0 Build 625 09/12/2018 SJ Lite Edition ;
; Revision Name                      ; my_scomp_v0_0                               ;
; Top-level Entity Name              ; my_scomp_v0_0                               ;
; Family                             ; Cyclone IV E                                ;
; Total logic elements               ; 333                                         ;
;     Total combinational functions  ; 295                                         ;
;     Dedicated logic registers      ; 76                                          ;
; Total registers                    ; 76                                          ;
; Total pins                         ; 42                                          ;
; Total virtual pins                 ; 0                                           ;
; Total memory bits                  ; 4,096                                       ;
; Embedded Multiplier 9-bit elements ; 0                                           ;
; Total PLLs                         ; 0                                           ;
+------------------------------------+---------------------------------------------+


+------------------------------------------------------------------------------------------------------------+
; Analysis & Synthesis Settings                                                                              ;
+------------------------------------------------------------------+--------------------+--------------------+
; Option                                                           ; Setting            ; Default Value      ;
+------------------------------------------------------------------+--------------------+--------------------+
; Device                                                           ; EP4CE30F29C7       ;                    ;
; Top-level entity name                                            ; my_scomp_v0_0      ; my_scomp_v0_0      ;
; Family name                                                      ; Cyclone IV E       ; Cyclone V          ;
; Use smart compilation                                            ; Off                ; Off                ;
; Enable parallel Assembler and Timing Analyzer during compilation ; On                 ; On                 ;
; Enable compact report table                                      ; Off                ; Off                ;
; Restructure Multiplexers                                         ; Auto               ; Auto               ;
; Create Debugging Nodes for IP Cores                              ; Off                ; Off                ;
; Preserve fewer node names                                        ; On                 ; On                 ;
; Intel FPGA IP Evaluation Mode                                    ; Enable             ; Enable             ;
; Verilog Version                                                  ; Verilog_2001       ; Verilog_2001       ;
; VHDL Version                                                     ; VHDL_1993          ; VHDL_1993          ;
; State Machine Processing                                         ; Auto               ; Auto               ;
; Safe State Machine                                               ; Off                ; Off                ;
; Extract Verilog State Machines                                   ; On                 ; On                 ;
; Extract VHDL State Machines                                      ; On                 ; On                 ;
; Ignore Verilog initial constructs                                ; Off                ; Off                ;
; Iteration limit for constant Verilog loops                       ; 5000               ; 5000               ;
; Iteration limit for non-constant Verilog loops                   ; 250                ; 250                ;
; Add Pass-Through Logic to Inferred RAMs                          ; On                 ; On                 ;
; Infer RAMs from Raw Logic                                        ; On                 ; On                 ;
; Parallel Synthesis                                               ; On                 ; On                 ;
; DSP Block Balancing                                              ; Auto               ; Auto               ;
; NOT Gate Push-Back                                               ; On                 ; On                 ;
; Power-Up Don't Care                                              ; On                 ; On                 ;
; Remove Redundant Logic Cells                                     ; Off                ; Off                ;
; Remove Duplicate Registers                                       ; On                 ; On                 ;
; Ignore CARRY Buffers                                             ; Off                ; Off                ;
; Ignore CASCADE Buffers                                           ; Off                ; Off                ;
; Ignore GLOBAL Buffers                                            ; Off                ; Off                ;
; Ignore ROW GLOBAL Buffers                                        ; Off                ; Off                ;
; Ignore LCELL Buffers                                             ; Off                ; Off                ;
; Ignore SOFT Buffers                                              ; On                 ; On                 ;
; Limit AHDL Integers to 32 Bits                                   ; Off                ; Off                ;
; Optimization Technique                                           ; Balanced           ; Balanced           ;
; Carry Chain Length                                               ; 70                 ; 70                 ;
; Auto Carry Chains                                                ; On                 ; On                 ;
; Auto Open-Drain Pins                                             ; On                 ; On                 ;
; Perform WYSIWYG Primitive Resynthesis                            ; Off                ; Off                ;
; Auto ROM Replacement                                             ; On                 ; On                 ;
; Auto RAM Replacement                                             ; On                 ; On                 ;
; Auto DSP Block Replacement                                       ; On                 ; On                 ;
; Auto Shift Register Replacement                                  ; Auto               ; Auto               ;
; Allow Shift Register Merging across Hierarchies                  ; Auto               ; Auto               ;
; Auto Clock Enable Replacement                                    ; On                 ; On                 ;
; Strict RAM Replacement                                           ; Off                ; Off                ;
; Allow Synchronous Control Signals                                ; On                 ; On                 ;
; Force Use of Synchronous Clear Signals                           ; Off                ; Off                ;
; Auto RAM Block Balancing                                         ; On                 ; On                 ;
; Auto RAM to Logic Cell Conversion                                ; Off                ; Off                ;
; Auto Resource Sharing                                            ; Off                ; Off                ;
; Allow Any RAM Size For Recognition                               ; Off                ; Off                ;
; Allow Any ROM Size For Recognition                               ; Off                ; Off                ;
; Allow Any Shift Register Size For Recognition                    ; Off                ; Off                ;
; Use LogicLock Constraints during Resource Balancing              ; On                 ; On                 ;
; Ignore translate_off and synthesis_off directives                ; Off                ; Off                ;
; Timing-Driven Synthesis                                          ; On                 ; On                 ;
; Report Parameter Settings                                        ; On                 ; On                 ;
; Report Source Assignments                                        ; On                 ; On                 ;
; Report Connectivity Checks                                       ; On                 ; On                 ;
; Ignore Maximum Fan-Out Assignments                               ; Off                ; Off                ;
; Synchronization Register Chain Length                            ; 2                  ; 2                  ;
; Power Optimization During Synthesis                              ; Normal compilation ; Normal compilation ;
; HDL message level                                                ; Level2             ; Level2             ;
; Suppress Register Optimization Related Messages                  ; Off                ; Off                ;
; Number of Removed Registers Reported in Synthesis Report         ; 5000               ; 5000               ;
; Number of Swept Nodes Reported in Synthesis Report               ; 5000               ; 5000               ;
; Number of Inverted Registers Reported in Synthesis Report        ; 100                ; 100                ;
; Clock MUX Protection                                             ; On                 ; On                 ;
; Auto Gated Clock Conversion                                      ; Off                ; Off                ;
; Block Design Naming                                              ; Auto               ; Auto               ;
; SDC constraint protection                                        ; Off                ; Off                ;
; Synthesis Effort                                                 ; Auto               ; Auto               ;
; Shift Register Replacement - Allow Asynchronous Clear Signal     ; On                 ; On                 ;
; Pre-Mapping Resynthesis Optimization                             ; Off                ; Off                ;
; Analysis & Synthesis Message Level                               ; Medium             ; Medium             ;
; Disable Register Merging Across Hierarchies                      ; Auto               ; Auto               ;
; Resource Aware Inference For Block RAM                           ; On                 ; On                 ;
+------------------------------------------------------------------+--------------------+--------------------+


+------------------------------------------+
; Parallel Compilation                     ;
+----------------------------+-------------+
; Processors                 ; Number      ;
+----------------------------+-------------+
; Number detected on machine ; 8           ;
; Maximum allowed            ; 4           ;
;                            ;             ;
; Average used               ; 1.00        ;
; Maximum used               ; 4           ;
;                            ;             ;
; Usage by Processor         ; % Time Used ;
;     Processor 1            ; 100.0%      ;
;     Processors 2-4         ;   0.0%      ;
+----------------------------+-------------+


+--------------------------------------------------------------------------------------------------------------------------------------------------------------------------------+
; Analysis & Synthesis Source Files Read                                                                                                                                         ;
+----------------------------------+-----------------+----------------------------------+------------------------------------------------------------------------------+---------+
; File Name with User-Entered Path ; Used in Netlist ; File Type                        ; File Name with Absolute Path                                                 ; Library ;
+----------------------------------+-----------------+----------------------------------+------------------------------------------------------------------------------+---------+
; procesador_v0_0.vhd              ; yes             ; User VHDL File                   ; C:/Users/vicem/Desktop/DHD/DHD_Practica_1/procesador_v0_0.vhd                ;         ;
; my_scomp_v0_0.vhd                ; yes             ; User VHDL File                   ; C:/Users/vicem/Desktop/DHD/DHD_Practica_1/my_scomp_v0_0.vhd                  ;         ;
; programa.mif                     ; yes             ; User Memory Initialization File  ; C:/Users/vicem/Desktop/DHD/DHD_Practica_1/programa.mif                       ;         ;
; IP_ram_256_x_16.vhd              ; yes             ; User Wizard-Generated File       ; C:/Users/vicem/Desktop/DHD/DHD_Practica_1/IP_ram_256_x_16.vhd                ;         ;
; altsyncram.tdf                   ; yes             ; Megafunction                     ; c:/intelfpga_lite/18.1/quartus/libraries/megafunctions/altsyncram.tdf        ;         ;
; stratix_ram_block.inc            ; yes             ; Megafunction                     ; c:/intelfpga_lite/18.1/quartus/libraries/megafunctions/stratix_ram_block.inc ;         ;
; lpm_mux.inc                      ; yes             ; Megafunction                     ; c:/intelfpga_lite/18.1/quartus/libraries/megafunctions/lpm_mux.inc           ;         ;
; lpm_decode.inc                   ; yes             ; Megafunction                     ; c:/intelfpga_lite/18.1/quartus/libraries/megafunctions/lpm_decode.inc        ;         ;
; aglobal181.inc                   ; yes             ; Megafunction                     ; c:/intelfpga_lite/18.1/quartus/libraries/megafunctions/aglobal181.inc        ;         ;
; a_rdenreg.inc                    ; yes             ; Megafunction                     ; c:/intelfpga_lite/18.1/quartus/libraries/megafunctions/a_rdenreg.inc         ;         ;
; altrom.inc                       ; yes             ; Megafunction                     ; c:/intelfpga_lite/18.1/quartus/libraries/megafunctions/altrom.inc            ;         ;
; altram.inc                       ; yes             ; Megafunction                     ; c:/intelfpga_lite/18.1/quartus/libraries/megafunctions/altram.inc            ;         ;
; altdpram.inc                     ; yes             ; Megafunction                     ; c:/intelfpga_lite/18.1/quartus/libraries/megafunctions/altdpram.inc          ;         ;
; db/altsyncram_hir3.tdf           ; yes             ; Auto-Generated Megafunction      ; C:/Users/vicem/Desktop/DHD/DHD_Practica_1/db/altsyncram_hir3.tdf             ;         ;
+----------------------------------+-----------------+----------------------------------+------------------------------------------------------------------------------+---------+


+-----------------------------------------------------------+
; Analysis & Synthesis Resource Usage Summary               ;
+---------------------------------------------+-------------+
; Resource                                    ; Usage       ;
+---------------------------------------------+-------------+
; Estimated Total logic elements              ; 333         ;
;                                             ;             ;
; Total combinational functions               ; 295         ;
; Logic element usage by number of LUT inputs ;             ;
;     -- 4 input functions                    ; 155         ;
;     -- 3 input functions                    ; 102         ;
;     -- <=2 input functions                  ; 38          ;
;                                             ;             ;
; Logic elements by mode                      ;             ;
;     -- normal mode                          ; 272         ;
;     -- arithmetic mode                      ; 23          ;
;                                             ;             ;
; Total registers                             ; 76          ;
;     -- Dedicated logic registers            ; 76          ;
;     -- I/O registers                        ; 0           ;
;                                             ;             ;
; I/O pins                                    ; 42          ;
; Total memory bits                           ; 4096        ;
;                                             ;             ;
; Embedded Multiplier 9-bit elements          ; 0           ;
;                                             ;             ;
; Maximum fan-out node                        ; reloj~input ;
; Maximum fan-out                             ; 92          ;
; Total fan-out                               ; 1486        ;
; Average fan-out                             ; 3.15        ;
+---------------------------------------------+-------------+


+-----------------------------------------------------------------------------------------------------------------------------------------------------------------------------------------------------------------------------------------------------------------------------------------------------------+
; Analysis & Synthesis Resource Utilization by Entity                                                                                                                                                                                                                                                       ;
+-------------------------------------------+---------------------+---------------------------+-------------+--------------+---------+-----------+------+--------------+---------------------------------------------------------------------------------------------------+-----------------+--------------+
; Compilation Hierarchy Node                ; Combinational ALUTs ; Dedicated Logic Registers ; Memory Bits ; DSP Elements ; DSP 9x9 ; DSP 18x18 ; Pins ; Virtual Pins ; Full Hierarchy Name                                                                               ; Entity Name     ; Library Name ;
+-------------------------------------------+---------------------+---------------------------+-------------+--------------+---------+-----------+------+--------------+---------------------------------------------------------------------------------------------------+-----------------+--------------+
; |my_scomp_v0_0                            ; 295 (0)             ; 76 (0)                    ; 4096        ; 0            ; 0       ; 0         ; 42   ; 0            ; |my_scomp_v0_0                                                                                    ; my_scomp_v0_0   ; work         ;
;    |IP_ram_256_x_16:MEM|                  ; 0 (0)               ; 0 (0)                     ; 4096        ; 0            ; 0       ; 0         ; 0    ; 0            ; |my_scomp_v0_0|IP_ram_256_x_16:MEM                                                                ; IP_ram_256_x_16 ; work         ;
;       |altsyncram:altsyncram_component|   ; 0 (0)               ; 0 (0)                     ; 4096        ; 0            ; 0       ; 0         ; 0    ; 0            ; |my_scomp_v0_0|IP_ram_256_x_16:MEM|altsyncram:altsyncram_component                                ; altsyncram      ; work         ;
;          |altsyncram_hir3:auto_generated| ; 0 (0)               ; 0 (0)                     ; 4096        ; 0            ; 0       ; 0         ; 0    ; 0            ; |my_scomp_v0_0|IP_ram_256_x_16:MEM|altsyncram:altsyncram_component|altsyncram_hir3:auto_generated ; altsyncram_hir3 ; work         ;
;    |procesador_v0_0:PROC|                 ; 295 (295)           ; 76 (76)                   ; 0           ; 0            ; 0       ; 0         ; 0    ; 0            ; |my_scomp_v0_0|procesador_v0_0:PROC                                                               ; procesador_v0_0 ; work         ;
+-------------------------------------------+---------------------+---------------------------+-------------+--------------+---------+-----------+------+--------------+---------------------------------------------------------------------------------------------------+-----------------+--------------+
Note: For table entries with two numbers listed, the numbers in parentheses indicate the number of resources of the given type used by the specific entity alone. The numbers listed outside of parentheses indicate the total resources of the given type used by the specific entity and all of its sub-entities in the hierarchy.


+------------------------------------------------------------------------------------------------------------------------------------------------------------------------------------------------------+
; Analysis & Synthesis RAM Summary                                                                                                                                                                     ;
+-----------------------------------------------------------------------------------------------+------+-------------+--------------+--------------+--------------+--------------+------+--------------+
; Name                                                                                          ; Type ; Mode        ; Port A Depth ; Port A Width ; Port B Depth ; Port B Width ; Size ; MIF          ;
+-----------------------------------------------------------------------------------------------+------+-------------+--------------+--------------+--------------+--------------+------+--------------+
; IP_ram_256_x_16:MEM|altsyncram:altsyncram_component|altsyncram_hir3:auto_generated|ALTSYNCRAM ; AUTO ; Single Port ; 256          ; 16           ; --           ; --           ; 4096 ; programa.mif ;
+-----------------------------------------------------------------------------------------------+------+-------------+--------------+--------------+--------------+--------------+------+--------------+


+--------------------------------------------------------------------------------------------------------------------------+
; Analysis & Synthesis IP Cores Summary                                                                                    ;
+--------+--------------+---------+--------------+--------------+------------------------------------+---------------------+
; Vendor ; IP Core Name ; Version ; Release Date ; License Type ; Entity Instance                    ; IP Include File     ;
+--------+--------------+---------+--------------+--------------+------------------------------------+---------------------+
; Altera ; RAM: 1-PORT  ; 18.1    ; N/A          ; N/A          ; |my_scomp_v0_0|IP_ram_256_x_16:MEM ; IP_ram_256_x_16.vhd ;
+--------+--------------+---------+--------------+--------------+------------------------------------+---------------------+


Encoding Type:  One-Hot
+-------------------------------------------------------------------------------------------------------------------------------------------------------------------------------------------------------------------------------------------------------------------------------------------------+
; State Machine - |my_scomp_v0_0|procesador_v0_0:PROC|state                                                                                                                                                                                                                                       ;
+----------------+------------+-----------+-----------+-----------+-------------+------------+------------+-------------+-------------+------------+------------+------------+--------------+--------------+-------------+------------+------------+--------------+--------------+----------------+
; Name           ; state.out1 ; state.in1 ; state.shr ; state.shl ; state.jzero ; state.jpos ; state.jneg ; state.nand1 ; state.nand0 ; state.sub1 ; state.sub0 ; state.jump ; state.store1 ; state.store0 ; state.load1 ; state.add1 ; state.add0 ; state.decode ; state.fetch1 ; state.reset_pc ;
+----------------+------------+-----------+-----------+-----------+-------------+------------+------------+-------------+-------------+------------+------------+------------+--------------+--------------+-------------+------------+------------+--------------+--------------+----------------+
; state.reset_pc ; 0          ; 0         ; 0         ; 0         ; 0           ; 0          ; 0          ; 0           ; 0           ; 0          ; 0          ; 0          ; 0            ; 0            ; 0           ; 0          ; 0          ; 0            ; 0            ; 0              ;
; state.fetch1   ; 0          ; 0         ; 0         ; 0         ; 0           ; 0          ; 0          ; 0           ; 0           ; 0          ; 0          ; 0          ; 0            ; 0            ; 0           ; 0          ; 0          ; 0            ; 1            ; 1              ;
; state.decode   ; 0          ; 0         ; 0         ; 0         ; 0           ; 0          ; 0          ; 0           ; 0           ; 0          ; 0          ; 0          ; 0            ; 0            ; 0           ; 0          ; 0          ; 1            ; 0            ; 1              ;
; state.add0     ; 0          ; 0         ; 0         ; 0         ; 0           ; 0          ; 0          ; 0           ; 0           ; 0          ; 0          ; 0          ; 0            ; 0            ; 0           ; 0          ; 1          ; 0            ; 0            ; 1              ;
; state.add1     ; 0          ; 0         ; 0         ; 0         ; 0           ; 0          ; 0          ; 0           ; 0           ; 0          ; 0          ; 0          ; 0            ; 0            ; 0           ; 1          ; 0          ; 0            ; 0            ; 1              ;
; state.load1    ; 0          ; 0         ; 0         ; 0         ; 0           ; 0          ; 0          ; 0           ; 0           ; 0          ; 0          ; 0          ; 0            ; 0            ; 1           ; 0          ; 0          ; 0            ; 0            ; 1              ;
; state.store0   ; 0          ; 0         ; 0         ; 0         ; 0           ; 0          ; 0          ; 0           ; 0           ; 0          ; 0          ; 0          ; 0            ; 1            ; 0           ; 0          ; 0          ; 0            ; 0            ; 1              ;
; state.store1   ; 0          ; 0         ; 0         ; 0         ; 0           ; 0          ; 0          ; 0           ; 0           ; 0          ; 0          ; 0          ; 1            ; 0            ; 0           ; 0          ; 0          ; 0            ; 0            ; 1              ;
; state.jump     ; 0          ; 0         ; 0         ; 0         ; 0           ; 0          ; 0          ; 0           ; 0           ; 0          ; 0          ; 1          ; 0            ; 0            ; 0           ; 0          ; 0          ; 0            ; 0            ; 1              ;
; state.sub0     ; 0          ; 0         ; 0         ; 0         ; 0           ; 0          ; 0          ; 0           ; 0           ; 0          ; 1          ; 0          ; 0            ; 0            ; 0           ; 0          ; 0          ; 0            ; 0            ; 1              ;
; state.sub1     ; 0          ; 0         ; 0         ; 0         ; 0           ; 0          ; 0          ; 0           ; 0           ; 1          ; 0          ; 0          ; 0            ; 0            ; 0           ; 0          ; 0          ; 0            ; 0            ; 1              ;
; state.nand0    ; 0          ; 0         ; 0         ; 0         ; 0           ; 0          ; 0          ; 0           ; 1           ; 0          ; 0          ; 0          ; 0            ; 0            ; 0           ; 0          ; 0          ; 0            ; 0            ; 1              ;
; state.nand1    ; 0          ; 0         ; 0         ; 0         ; 0           ; 0          ; 0          ; 1           ; 0           ; 0          ; 0          ; 0          ; 0            ; 0            ; 0           ; 0          ; 0          ; 0            ; 0            ; 1              ;
; state.jneg     ; 0          ; 0         ; 0         ; 0         ; 0           ; 0          ; 1          ; 0           ; 0           ; 0          ; 0          ; 0          ; 0            ; 0            ; 0           ; 0          ; 0          ; 0            ; 0            ; 1              ;
; state.jpos     ; 0          ; 0         ; 0         ; 0         ; 0           ; 1          ; 0          ; 0           ; 0           ; 0          ; 0          ; 0          ; 0            ; 0            ; 0           ; 0          ; 0          ; 0            ; 0            ; 1              ;
; state.jzero    ; 0          ; 0         ; 0         ; 0         ; 1           ; 0          ; 0          ; 0           ; 0           ; 0          ; 0          ; 0          ; 0            ; 0            ; 0           ; 0          ; 0          ; 0            ; 0            ; 1              ;
; state.shl      ; 0          ; 0         ; 0         ; 1         ; 0           ; 0          ; 0          ; 0           ; 0           ; 0          ; 0          ; 0          ; 0            ; 0            ; 0           ; 0          ; 0          ; 0            ; 0            ; 1              ;
; state.shr      ; 0          ; 0         ; 1         ; 0         ; 0           ; 0          ; 0          ; 0           ; 0           ; 0          ; 0          ; 0          ; 0            ; 0            ; 0           ; 0          ; 0          ; 0            ; 0            ; 1              ;
; state.in1      ; 0          ; 1         ; 0         ; 0         ; 0           ; 0          ; 0          ; 0           ; 0           ; 0          ; 0          ; 0          ; 0            ; 0            ; 0           ; 0          ; 0          ; 0            ; 0            ; 1              ;
; state.out1     ; 1          ; 0         ; 0         ; 0         ; 0           ; 0          ; 0          ; 0           ; 0           ; 0          ; 0          ; 0          ; 0            ; 0            ; 0           ; 0          ; 0          ; 0            ; 0            ; 1              ;
+----------------+------------+-----------+-----------+-----------+-------------+------------+------------+-------------+-------------+------------+------------+------------+--------------+--------------+-------------+------------+------------+--------------+--------------+----------------+


+------------------------------------------------------+
; General Register Statistics                          ;
+----------------------------------------------+-------+
; Statistic                                    ; Value ;
+----------------------------------------------+-------+
; Total registers                              ; 76    ;
; Number of registers using Synchronous Clear  ; 0     ;
; Number of registers using Synchronous Load   ; 0     ;
; Number of registers using Asynchronous Clear ; 20    ;
; Number of registers using Asynchronous Load  ; 0     ;
; Number of registers using Clock Enable       ; 56    ;
; Number of registers using Preset             ; 0     ;
+----------------------------------------------+-------+


+--------------------------------------------------------------------------------------------------------------------------------------------------------------+
; Multiplexer Restructuring Statistics (Restructuring Performed)                                                                                               ;
+--------------------+-----------+---------------+----------------------+------------------------+------------+------------------------------------------------+
; Multiplexer Inputs ; Bus Width ; Baseline Area ; Area if Restructured ; Saving if Restructured ; Registered ; Example Multiplexer Output                     ;
+--------------------+-----------+---------------+----------------------+------------------------+------------+------------------------------------------------+
; 7:1                ; 8 bits    ; 32 LEs        ; 32 LEs               ; 0 LEs                  ; Yes        ; |my_scomp_v0_0|procesador_v0_0:PROC|PC[2]      ;
; 15:1               ; 3 bits    ; 30 LEs        ; 24 LEs               ; 6 LEs                  ; Yes        ; |my_scomp_v0_0|procesador_v0_0:PROC|AC[6]      ;
; 15:1               ; 4 bits    ; 40 LEs        ; 32 LEs               ; 8 LEs                  ; Yes        ; |my_scomp_v0_0|procesador_v0_0:PROC|AC[11]     ;
; 16:1               ; 2 bits    ; 20 LEs        ; 16 LEs               ; 4 LEs                  ; Yes        ; |my_scomp_v0_0|procesador_v0_0:PROC|AC[3]      ;
; 16:1               ; 2 bits    ; 20 LEs        ; 16 LEs               ; 4 LEs                  ; Yes        ; |my_scomp_v0_0|procesador_v0_0:PROC|AC[12]     ;
; 17:1               ; 2 bits    ; 22 LEs        ; 16 LEs               ; 6 LEs                  ; Yes        ; |my_scomp_v0_0|procesador_v0_0:PROC|AC[0]      ;
; 5:1                ; 8 bits    ; 24 LEs        ; 24 LEs               ; 0 LEs                  ; No         ; |my_scomp_v0_0|procesador_v0_0:PROC|Selector31 ;
+--------------------+-----------+---------------+----------------------+------------------------+------------+------------------------------------------------+


+-----------------------------------------------------------------------------------------------------------+
; Source assignments for IP_ram_256_x_16:MEM|altsyncram:altsyncram_component|altsyncram_hir3:auto_generated ;
+---------------------------------+--------------------+------+---------------------------------------------+
; Assignment                      ; Value              ; From ; To                                          ;
+---------------------------------+--------------------+------+---------------------------------------------+
; OPTIMIZE_POWER_DURING_SYNTHESIS ; NORMAL_COMPILATION ; -    ; -                                           ;
+---------------------------------+--------------------+------+---------------------------------------------+


+--------------------------------------------------------------------------------------------------+
; Parameter Settings for User Entity Instance: IP_ram_256_x_16:MEM|altsyncram:altsyncram_component ;
+------------------------------------+----------------------+--------------------------------------+
; Parameter Name                     ; Value                ; Type                                 ;
+------------------------------------+----------------------+--------------------------------------+
; BYTE_SIZE_BLOCK                    ; 8                    ; Untyped                              ;
; AUTO_CARRY_CHAINS                  ; ON                   ; AUTO_CARRY                           ;
; IGNORE_CARRY_BUFFERS               ; OFF                  ; IGNORE_CARRY                         ;
; AUTO_CASCADE_CHAINS                ; ON                   ; AUTO_CASCADE                         ;
; IGNORE_CASCADE_BUFFERS             ; OFF                  ; IGNORE_CASCADE                       ;
; WIDTH_BYTEENA                      ; 1                    ; Untyped                              ;
; OPERATION_MODE                     ; SINGLE_PORT          ; Untyped                              ;
; WIDTH_A                            ; 16                   ; Signed Integer                       ;
; WIDTHAD_A                          ; 8                    ; Signed Integer                       ;
; NUMWORDS_A                         ; 256                  ; Signed Integer                       ;
; OUTDATA_REG_A                      ; CLOCK0               ; Untyped                              ;
; ADDRESS_ACLR_A                     ; NONE                 ; Untyped                              ;
; OUTDATA_ACLR_A                     ; NONE                 ; Untyped                              ;
; WRCONTROL_ACLR_A                   ; NONE                 ; Untyped                              ;
; INDATA_ACLR_A                      ; NONE                 ; Untyped                              ;
; BYTEENA_ACLR_A                     ; NONE                 ; Untyped                              ;
; WIDTH_B                            ; 1                    ; Signed Integer                       ;
; WIDTHAD_B                          ; 1                    ; Signed Integer                       ;
; NUMWORDS_B                         ; 0                    ; Signed Integer                       ;
; INDATA_REG_B                       ; CLOCK1               ; Untyped                              ;
; WRCONTROL_WRADDRESS_REG_B          ; CLOCK1               ; Untyped                              ;
; RDCONTROL_REG_B                    ; CLOCK1               ; Untyped                              ;
; ADDRESS_REG_B                      ; CLOCK1               ; Untyped                              ;
; OUTDATA_REG_B                      ; UNREGISTERED         ; Untyped                              ;
; BYTEENA_REG_B                      ; CLOCK1               ; Untyped                              ;
; INDATA_ACLR_B                      ; NONE                 ; Untyped                              ;
; WRCONTROL_ACLR_B                   ; NONE                 ; Untyped                              ;
; ADDRESS_ACLR_B                     ; NONE                 ; Untyped                              ;
; OUTDATA_ACLR_B                     ; NONE                 ; Untyped                              ;
; RDCONTROL_ACLR_B                   ; NONE                 ; Untyped                              ;
; BYTEENA_ACLR_B                     ; NONE                 ; Untyped                              ;
; WIDTH_BYTEENA_A                    ; 1                    ; Signed Integer                       ;
; WIDTH_BYTEENA_B                    ; 1                    ; Signed Integer                       ;
; RAM_BLOCK_TYPE                     ; AUTO                 ; Untyped                              ;
; BYTE_SIZE                          ; 8                    ; Signed Integer                       ;
; READ_DURING_WRITE_MODE_MIXED_PORTS ; DONT_CARE            ; Untyped                              ;
; READ_DURING_WRITE_MODE_PORT_A      ; NEW_DATA_NO_NBE_READ ; Untyped                              ;
; READ_DURING_WRITE_MODE_PORT_B      ; NEW_DATA_NO_NBE_READ ; Untyped                              ;
; INIT_FILE                          ; programa.mif         ; Untyped                              ;
; INIT_FILE_LAYOUT                   ; PORT_A               ; Untyped                              ;
; MAXIMUM_DEPTH                      ; 0                    ; Signed Integer                       ;
; CLOCK_ENABLE_INPUT_A               ; BYPASS               ; Untyped                              ;
; CLOCK_ENABLE_INPUT_B               ; NORMAL               ; Untyped                              ;
; CLOCK_ENABLE_OUTPUT_A              ; BYPASS               ; Untyped                              ;
; CLOCK_ENABLE_OUTPUT_B              ; NORMAL               ; Untyped                              ;
; CLOCK_ENABLE_CORE_A                ; USE_INPUT_CLKEN      ; Untyped                              ;
; CLOCK_ENABLE_CORE_B                ; USE_INPUT_CLKEN      ; Untyped                              ;
; ENABLE_ECC                         ; FALSE                ; Untyped                              ;
; ECC_PIPELINE_STAGE_ENABLED         ; FALSE                ; Untyped                              ;
; WIDTH_ECCSTATUS                    ; 3                    ; Signed Integer                       ;
; DEVICE_FAMILY                      ; Cyclone IV E         ; Untyped                              ;
; CBXI_PARAMETER                     ; altsyncram_hir3      ; Untyped                              ;
+------------------------------------+----------------------+--------------------------------------+
Note: In order to hide this table in the UI and the text report file, please set the "Show Parameter Settings in Synthesis Report" option in "Analysis and Synthesis Settings -> More Settings" to "Off".


+-------------------------------------------------------------------------------------------------+
; altsyncram Parameter Settings by Entity Instance                                                ;
+-------------------------------------------+-----------------------------------------------------+
; Name                                      ; Value                                               ;
+-------------------------------------------+-----------------------------------------------------+
; Number of entity instances                ; 1                                                   ;
; Entity Instance                           ; IP_ram_256_x_16:MEM|altsyncram:altsyncram_component ;
;     -- OPERATION_MODE                     ; SINGLE_PORT                                         ;
;     -- WIDTH_A                            ; 16                                                  ;
;     -- NUMWORDS_A                         ; 256                                                 ;
;     -- OUTDATA_REG_A                      ; CLOCK0                                              ;
;     -- WIDTH_B                            ; 1                                                   ;
;     -- NUMWORDS_B                         ; 0                                                   ;
;     -- ADDRESS_REG_B                      ; CLOCK1                                              ;
;     -- OUTDATA_REG_B                      ; UNREGISTERED                                        ;
;     -- RAM_BLOCK_TYPE                     ; AUTO                                                ;
;     -- READ_DURING_WRITE_MODE_MIXED_PORTS ; DONT_CARE                                           ;
+-------------------------------------------+-----------------------------------------------------+


+------------------------------------------------------------------------------------------------------------------------------------------------------------------------------+
; Port Connectivity Checks: "procesador_v0_0:PROC"                                                                                                                             ;
+-----------+--------+----------+----------------------------------------------------------------------------------------------------------------------------------------------+
; Port      ; Type   ; Severity ; Details                                                                                                                                      ;
+-----------+--------+----------+----------------------------------------------------------------------------------------------------------------------------------------------+
; io_input  ; Input  ; Warning  ; Declared by entity but not connected by instance. If a default value exists, it will be used.  Otherwise, the port will be connected to GND. ;
; io_output ; Output ; Warning  ; Declared by entity but not connected by instance. Logic that only feeds a dangling port will be removed.                                     ;
+-----------+--------+----------+----------------------------------------------------------------------------------------------------------------------------------------------+


+-----------------------------------------------------+
; Post-Synthesis Netlist Statistics for Top Partition ;
+-----------------------+-----------------------------+
; Type                  ; Count                       ;
+-----------------------+-----------------------------+
; boundary_port         ; 42                          ;
; cycloneiii_ff         ; 76                          ;
;     CLR               ; 20                          ;
;     ENA               ; 56                          ;
; cycloneiii_lcell_comb ; 295                         ;
;     arith             ; 23                          ;
;         2 data inputs ; 8                           ;
;         3 data inputs ; 15                          ;
;     normal            ; 272                         ;
;         1 data inputs ; 1                           ;
;         2 data inputs ; 29                          ;
;         3 data inputs ; 87                          ;
;         4 data inputs ; 155                         ;
; cycloneiii_ram_block  ; 16                          ;
;                       ;                             ;
; Max LUT depth         ; 7.00                        ;
; Average LUT depth     ; 5.13                        ;
+-----------------------+-----------------------------+


+-------------------------------+
; Elapsed Time Per Partition    ;
+----------------+--------------+
; Partition Name ; Elapsed Time ;
+----------------+--------------+
; Top            ; 00:00:01     ;
+----------------+--------------+


+-------------------------------+
; Analysis & Synthesis Messages ;
+-------------------------------+
Info: *******************************************************************
Info: Running Quartus Prime Analysis & Synthesis
    Info: Version 18.1.0 Build 625 09/12/2018 SJ Lite Edition
    Info: Processing started: Thu May 16 15:53:36 2024
Info: Command: quartus_map --read_settings_files=on --write_settings_files=off my_scomp_v0_0 -c my_scomp_v0_0
Warning (18236): Number of processors has not been specified which may cause overloading on shared machines.  Set the global assignment NUM_PARALLEL_PROCESSORS in your QSF to an appropriate value for best performance.
Info (20030): Parallel compilation is enabled and will use 4 of the 4 processors detected
Info (12021): Found 2 design units, including 1 entities, in source file procesador_v0_0.vhd
    Info (12022): Found design unit 1: procesador_v0_0-rtl File: C:/Users/vicem/Desktop/DHD/DHD_Practica_1/procesador_v0_0.vhd Line: 30
    Info (12023): Found entity 1: procesador_v0_0 File: C:/Users/vicem/Desktop/DHD/DHD_Practica_1/procesador_v0_0.vhd Line: 15
Info (12021): Found 2 design units, including 1 entities, in source file my_scomp_v0_0.vhd
    Info (12022): Found design unit 1: my_scomp_v0_0-rtl File: C:/Users/vicem/Desktop/DHD/DHD_Practica_1/my_scomp_v0_0.vhd Line: 16
    Info (12023): Found entity 1: my_scomp_v0_0 File: C:/Users/vicem/Desktop/DHD/DHD_Practica_1/my_scomp_v0_0.vhd Line: 7
Info (12021): Found 2 design units, including 1 entities, in source file ip_ram_256_x_16.vhd
    Info (12022): Found design unit 1: ip_ram_256_x_16-SYN File: C:/Users/vicem/Desktop/DHD/DHD_Practica_1/IP_ram_256_x_16.vhd Line: 54
    Info (12023): Found entity 1: IP_ram_256_x_16 File: C:/Users/vicem/Desktop/DHD/DHD_Practica_1/IP_ram_256_x_16.vhd Line: 42
Info (12127): Elaborating entity "my_scomp_v0_0" for the top level hierarchy
Info (12128): Elaborating entity "IP_ram_256_x_16" for hierarchy "IP_ram_256_x_16:MEM" File: C:/Users/vicem/Desktop/DHD/DHD_Practica_1/my_scomp_v0_0.vhd Line: 65
Info (12128): Elaborating entity "altsyncram" for hierarchy "IP_ram_256_x_16:MEM|altsyncram:altsyncram_component" File: C:/Users/vicem/Desktop/DHD/DHD_Practica_1/IP_ram_256_x_16.vhd Line: 61
Info (12130): Elaborated megafunction instantiation "IP_ram_256_x_16:MEM|altsyncram:altsyncram_component" File: C:/Users/vicem/Desktop/DHD/DHD_Practica_1/IP_ram_256_x_16.vhd Line: 61
Info (12133): Instantiated megafunction "IP_ram_256_x_16:MEM|altsyncram:altsyncram_component" with the following parameter: File: C:/Users/vicem/Desktop/DHD/DHD_Practica_1/IP_ram_256_x_16.vhd Line: 61
    Info (12134): Parameter "address_aclr_a" = "UNUSED"
    Info (12134): Parameter "address_aclr_b" = "NONE"
    Info (12134): Parameter "address_reg_b" = "CLOCK1"
    Info (12134): Parameter "byte_size" = "8"
    Info (12134): Parameter "byteena_aclr_a" = "UNUSED"
    Info (12134): Parameter "byteena_aclr_b" = "NONE"
    Info (12134): Parameter "byteena_reg_b" = "CLOCK1"
    Info (12134): Parameter "clock_enable_core_a" = "USE_INPUT_CLKEN"
    Info (12134): Parameter "clock_enable_core_b" = "USE_INPUT_CLKEN"
    Info (12134): Parameter "clock_enable_input_a" = "BYPASS"
    Info (12134): Parameter "clock_enable_input_b" = "NORMAL"
    Info (12134): Parameter "clock_enable_output_a" = "BYPASS"
    Info (12134): Parameter "clock_enable_output_b" = "NORMAL"
    Info (12134): Parameter "intended_device_family" = "Cyclone IV E"
    Info (12134): Parameter "ecc_pipeline_stage_enabled" = "FALSE"
    Info (12134): Parameter "enable_ecc" = "FALSE"
    Info (12134): Parameter "implement_in_les" = "OFF"
    Info (12134): Parameter "indata_aclr_a" = "UNUSED"
    Info (12134): Parameter "indata_aclr_b" = "NONE"
    Info (12134): Parameter "indata_reg_b" = "CLOCK1"
    Info (12134): Parameter "init_file" = "programa.mif"
    Info (12134): Parameter "init_file_layout" = "PORT_A"
    Info (12134): Parameter "maximum_depth" = "0"
    Info (12134): Parameter "numwords_a" = "256"
    Info (12134): Parameter "numwords_b" = "0"
    Info (12134): Parameter "operation_mode" = "SINGLE_PORT"
    Info (12134): Parameter "outdata_aclr_a" = "NONE"
    Info (12134): Parameter "outdata_aclr_b" = "NONE"
    Info (12134): Parameter "outdata_reg_a" = "CLOCK0"
    Info (12134): Parameter "outdata_reg_b" = "UNREGISTERED"
    Info (12134): Parameter "power_up_uninitialized" = "FALSE"
    Info (12134): Parameter "ram_block_type" = "AUTO"
    Info (12134): Parameter "rdcontrol_aclr_b" = "NONE"
    Info (12134): Parameter "rdcontrol_reg_b" = "CLOCK1"
    Info (12134): Parameter "read_during_write_mode_mixed_ports" = "DONT_CARE"
    Info (12134): Parameter "read_during_write_mode_port_a" = "NEW_DATA_NO_NBE_READ"
    Info (12134): Parameter "read_during_write_mode_port_b" = "NEW_DATA_NO_NBE_READ"
    Info (12134): Parameter "stratixiv_m144k_allow_dual_clocks" = "ON"
    Info (12134): Parameter "width_a" = "16"
    Info (12134): Parameter "width_b" = "1"
    Info (12134): Parameter "width_byteena_a" = "1"
    Info (12134): Parameter "width_byteena_b" = "1"
    Info (12134): Parameter "width_eccstatus" = "3"
    Info (12134): Parameter "widthad_a" = "8"
    Info (12134): Parameter "widthad_b" = "1"
    Info (12134): Parameter "wrcontrol_aclr_a" = "UNUSED"
    Info (12134): Parameter "wrcontrol_aclr_b" = "NONE"
    Info (12134): Parameter "wrcontrol_wraddress_reg_b" = "CLOCK1"
    Info (12134): Parameter "lpm_hint" = "ENABLE_RUNTIME_MOD=NO"
    Info (12134): Parameter "lpm_type" = "altsyncram"
Info (12021): Found 1 design units, including 1 entities, in source file db/altsyncram_hir3.tdf
    Info (12023): Found entity 1: altsyncram_hir3 File: C:/Users/vicem/Desktop/DHD/DHD_Practica_1/db/altsyncram_hir3.tdf Line: 27
Info (12128): Elaborating entity "altsyncram_hir3" for hierarchy "IP_ram_256_x_16:MEM|altsyncram:altsyncram_component|altsyncram_hir3:auto_generated" File: c:/intelfpga_lite/18.1/quartus/libraries/megafunctions/altsyncram.tdf Line: 791
Info (12128): Elaborating entity "procesador_v0_0" for hierarchy "procesador_v0_0:PROC" File: C:/Users/vicem/Desktop/DHD/DHD_Practica_1/my_scomp_v0_0.vhd Line: 80
Warning (12241): 1 hierarchies have connectivity warnings - see the Connectivity Checks report folder
Info (286030): Timing-Driven Synthesis is running
Info (16010): Generating hard_block partition "hard_block:auto_generated_inst"
    Info (16011): Adding 0 node(s), including 0 DDIO, 0 PLL, 0 transceiver and 0 LCELL
Info (21057): Implemented 391 device resources after synthesis - the final resource count might be different
    Info (21058): Implemented 2 input pins
    Info (21059): Implemented 40 output pins
    Info (21061): Implemented 333 logic cells
    Info (21064): Implemented 16 RAM segments
Info: Quartus Prime Analysis & Synthesis was successful. 0 errors, 2 warnings
    Info: Peak virtual memory: 4805 megabytes
    Info: Processing ended: Thu May 16 15:53:54 2024
    Info: Elapsed time: 00:00:18
    Info: Total CPU time (on all processors): 00:00:13


